<?xml version="1.0" encoding="UTF-8"?>
<!-- Generated by org.testng.reporters.JUnitXMLReporter -->
<testsuite hostname="DESKTOP-FS7JD1M" ignored="0" name="Default test" tests="1" failures="0" timestamp="31 May 2021 16:31:18 GMT" time="2.615" errors="0">
  <testcase name="@BeforeTest beforeTest" time="0.0" classname="com.uiFramework.companyName.bhanuProjectName.testbase.TestBase">
    <failure type="org.openqa.selenium.SessionNotCreatedException" message="session not created: This version of ChromeDriver only supports Chrome version 83
Build info: version: &amp;apos;3.141.59&amp;apos;, revision: &amp;apos;e82be7d358&amp;apos;, time: &amp;apos;2018-11-14T08:17:03&amp;apos;
System info: host: &amp;apos;DESKTOP-FS7JD1M&amp;apos;, ip: &amp;apos;192.168.0.106&amp;apos;, os.name: &amp;apos;Windows 10&amp;apos;, os.arch: &amp;apos;amd64&amp;apos;, os.version: &amp;apos;10.0&amp;apos;, java.version: &amp;apos;1.8.0_231&amp;apos;
Driver info: driver.version: ChromeDriver
remote stacktrace: Backtrace:
	Ordinal0 [0x01169563+2725219]
	Ordinal0 [0x01068551+1672529]
	Ordinal0 [0x00F50359+525145]
	Ordinal0 [0x00EE0B77+68471]
	Ordinal0 [0x00EDD32C+54060]
	Ordinal0 [0x00EFCC37+183351]
	Ordinal0 [0x00EFCA3D+182845]
	Ordinal0 [0x00EFA94B+174411]
	Ordinal0 [0x00EE2528+75048]
	Ordinal0 [0x00EE35A0+79264]
	Ordinal0 [0x00EE3539+79161]
	Ordinal0 [0x0107D607+1758727]
	GetHandleVerifier [0x01286546+1050150]
	GetHandleVerifier [0x01286291+1049457]
	GetHandleVerifier [0x012910D7+1094071]
	GetHandleVerifier [0x01286B46+1051686]
	Ordinal0 [0x01075B06+1727238]
	Ordinal0 [0x0107EB7B+1764219]
	Ordinal0 [0x0107ECE3+1764579]
	Ordinal0 [0x01094C05+1854469]
	BaseThreadInitThunk [0x76FFFA29+25]
	RtlGetAppContainerNamedObjectPath [0x77927A7E+286]
	RtlGetAppContainerNamedObjectPath [0x77927A4E+238]
">
      <![CDATA[org.openqa.selenium.SessionNotCreatedException: session not created: This version of ChromeDriver only supports Chrome version 83
Build info: version: '3.141.59', revision: 'e82be7d358', time: '2018-11-14T08:17:03'
System info: host: 'DESKTOP-FS7JD1M', ip: '192.168.0.106', os.name: 'Windows 10', os.arch: 'amd64', os.version: '10.0', java.version: '1.8.0_231'
Driver info: driver.version: ChromeDriver
remote stacktrace: Backtrace:
	Ordinal0 [0x01169563+2725219]
	Ordinal0 [0x01068551+1672529]
	Ordinal0 [0x00F50359+525145]
	Ordinal0 [0x00EE0B77+68471]
	Ordinal0 [0x00EDD32C+54060]
	Ordinal0 [0x00EFCC37+183351]
	Ordinal0 [0x00EFCA3D+182845]
	Ordinal0 [0x00EFA94B+174411]
	Ordinal0 [0x00EE2528+75048]
	Ordinal0 [0x00EE35A0+79264]
	Ordinal0 [0x00EE3539+79161]
	Ordinal0 [0x0107D607+1758727]
	GetHandleVerifier [0x01286546+1050150]
	GetHandleVerifier [0x01286291+1049457]
	GetHandleVerifier [0x012910D7+1094071]
	GetHandleVerifier [0x01286B46+1051686]
	Ordinal0 [0x01075B06+1727238]
	Ordinal0 [0x0107EB7B+1764219]
	Ordinal0 [0x0107ECE3+1764579]
	Ordinal0 [0x01094C05+1854469]
	BaseThreadInitThunk [0x76FFFA29+25]
	RtlGetAppContainerNamedObjectPath [0x77927A7E+286]
	RtlGetAppContainerNamedObjectPath [0x77927A4E+238]

	at sun.reflect.NativeConstructorAccessorImpl.newInstance0(Native Method)
	at sun.reflect.NativeConstructorAccessorImpl.newInstance(Unknown Source)
	at sun.reflect.DelegatingConstructorAccessorImpl.newInstance(Unknown Source)
	at java.lang.reflect.Constructor.newInstance(Unknown Source)
	at org.openqa.selenium.remote.W3CHandshakeResponse.lambda$errorHandler$0(W3CHandshakeResponse.java:62)
	at org.openqa.selenium.remote.HandshakeResponse.lambda$getResponseFunction$0(HandshakeResponse.java:30)
	at org.openqa.selenium.remote.ProtocolHandshake.lambda$createSession$0(ProtocolHandshake.java:126)
	at java.util.stream.ReferencePipeline$3$1.accept(Unknown Source)
	at java.util.Spliterators$ArraySpliterator.tryAdvance(Unknown Source)
	at java.util.stream.ReferencePipeline.forEachWithCancel(Unknown Source)
	at java.util.stream.AbstractPipeline.copyIntoWithCancel(Unknown Source)
	at java.util.stream.AbstractPipeline.copyInto(Unknown Source)
	at java.util.stream.AbstractPipeline.wrapAndCopyInto(Unknown Source)
	at java.util.stream.FindOps$FindOp.evaluateSequential(Unknown Source)
	at java.util.stream.AbstractPipeline.evaluate(Unknown Source)
	at java.util.stream.ReferencePipeline.findFirst(Unknown Source)
	at org.openqa.selenium.remote.ProtocolHandshake.createSession(ProtocolHandshake.java:128)
	at org.openqa.selenium.remote.ProtocolHandshake.createSession(ProtocolHandshake.java:74)
	at org.openqa.selenium.remote.HttpCommandExecutor.execute(HttpCommandExecutor.java:136)
	at org.openqa.selenium.remote.service.DriverCommandExecutor.execute(DriverCommandExecutor.java:83)
	at org.openqa.selenium.remote.RemoteWebDriver.execute(RemoteWebDriver.java:552)
	at org.openqa.selenium.remote.RemoteWebDriver.startSession(RemoteWebDriver.java:213)
	at org.openqa.selenium.remote.RemoteWebDriver.<init>(RemoteWebDriver.java:131)
	at org.openqa.selenium.chrome.ChromeDriver.<init>(ChromeDriver.java:181)
	at org.openqa.selenium.chrome.ChromeDriver.<init>(ChromeDriver.java:168)
	at org.openqa.selenium.chrome.ChromeDriver.<init>(ChromeDriver.java:157)
	at com.uiFramework.companyName.bhanuProjectName.helper.browserConfiguration.ChromeBrowser.getChromeDriver(ChromeBrowser.java:44)
	at com.uiFramework.companyName.bhanuProjectName.testbase.TestBase.getBrowserObject(TestBase.java:113)
	at com.uiFramework.companyName.bhanuProjectName.testbase.TestBase.setUpDriver(TestBase.java:134)
	at com.uiFramework.companyName.bhanuProjectName.testbase.TestBase.beforeTest(TestBase.java:68)
	at sun.reflect.NativeMethodAccessorImpl.invoke0(Native Method)
	at sun.reflect.NativeMethodAccessorImpl.invoke(Unknown Source)
	at sun.reflect.DelegatingMethodAccessorImpl.invoke(Unknown Source)
	at java.lang.reflect.Method.invoke(Unknown Source)
	at org.testng.internal.MethodInvocationHelper.invokeMethod(MethodInvocationHelper.java:104)
	at org.testng.internal.Invoker.invokeConfigurationMethod(Invoker.java:515)
	at org.testng.internal.Invoker.invokeConfigurations(Invoker.java:217)
	at org.testng.internal.Invoker.invokeConfigurations(Invoker.java:144)
	at org.testng.TestRunner.beforeRun(TestRunner.java:634)
	at org.testng.TestRunner.run(TestRunner.java:602)
	at org.testng.SuiteRunner.runTest(SuiteRunner.java:387)
	at org.testng.SuiteRunner.runSequentially(SuiteRunner.java:382)
	at org.testng.SuiteRunner.privateRun(SuiteRunner.java:340)
	at org.testng.SuiteRunner.run(SuiteRunner.java:289)
	at org.testng.SuiteRunnerWorker.runSuite(SuiteRunnerWorker.java:52)
	at org.testng.SuiteRunnerWorker.run(SuiteRunnerWorker.java:86)
	at org.testng.TestNG.runSuitesSequentially(TestNG.java:1293)
	at org.testng.TestNG.runSuitesLocally(TestNG.java:1218)
	at org.testng.TestNG.runSuites(TestNG.java:1133)
	at org.testng.TestNG.run(TestNG.java:1104)
	at org.testng.remote.AbstractRemoteTestNG.run(AbstractRemoteTestNG.java:115)
	at org.testng.remote.RemoteTestNG.initAndRun(RemoteTestNG.java:251)
	at org.testng.remote.RemoteTestNG.main(RemoteTestNG.java:77)
]]>
    </failure>
  </testcase> <!-- @BeforeTest beforeTest -->
  <testcase name="@BeforeMethod beforeMethod" time="0.0" classname="com.uiFramework.companyName.bhanuProjectName.testbase.TestBase">
    <skipped/>
  </testcase> <!-- @BeforeMethod beforeMethod -->
  <testcase name="@AfterMethod afterMethod" time="0.0" classname="com.uiFramework.companyName.bhanuProjectName.testbase.TestBase">
    <skipped/>
  </testcase> <!-- @AfterMethod afterMethod -->
  <testcase name="@AfterTest afterTest" time="0.0" classname="com.uiFramework.companyName.bhanuProjectName.testbase.TestBase">
    <skipped/>
  </testcase> <!-- @AfterTest afterTest -->
  <testcase name="testLoginB" time="0.002" classname="com.uiFramework.B">
    <skipped/>
  </testcase> <!-- testLoginB -->
</testsuite> <!-- Default test -->
